0 info it worked if it ends with ok
1 verbose cli [ '/usr/local/bin/node', '/usr/local/bin/npm', 'start' ]
2 info using npm@3.8.5
3 info using node@v5.8.0
4 verbose run-script [ 'prestart', 'start', 'poststart' ]
5 info lifecycle movie@0.2.0~prestart: movie@0.2.0
6 silly lifecycle movie@0.2.0~prestart: no script for prestart, continuing
7 info lifecycle movie@0.2.0~start: movie@0.2.0
8 verbose lifecycle movie@0.2.0~start: unsafe-perm in lifecycle true
9 verbose lifecycle movie@0.2.0~start: PATH: /usr/local/lib/node_modules/npm/bin/node-gyp-bin:/Users/ryan/company_work/muke/node/movie/node_modules/.bin:/usr/local/bin:/Users/ryan/.rvm/gems/ruby-2.0.0-p643/bin:/Users/ryan/.rvm/gems/ruby-2.0.0-p643@global/bin:/Users/ryan/.rvm/rubies/ruby-2.0.0-p643/bin:/usr/local/bin:/usr/bin:/bin:/usr/sbin:/sbin:/usr/local/git/bin:/Users/ryan/work/android/android-sdk-macosx/platform-tools:/Users/ryan/work/android/android-sdk-macosx/tools:/Users/ryan/.rvm/bin:/usr/local/bin/mongod/bin
10 verbose lifecycle movie@0.2.0~start: CWD: /Users/ryan/company_work/muke/node/movie
11 silly lifecycle movie@0.2.0~start: Args: [ '-c', 'node-inspector & node --debug app.js' ]
12 silly lifecycle movie@0.2.0~start: Returned: code: 1  signal: null
13 info lifecycle movie@0.2.0~start: Failed to exec start script
14 verbose stack Error: movie@0.2.0 start: `node-inspector & node --debug app.js`
14 verbose stack Exit status 1
14 verbose stack     at EventEmitter.<anonymous> (/usr/local/lib/node_modules/npm/lib/utils/lifecycle.js:239:16)
14 verbose stack     at emitTwo (events.js:100:13)
14 verbose stack     at EventEmitter.emit (events.js:185:7)
14 verbose stack     at ChildProcess.<anonymous> (/usr/local/lib/node_modules/npm/lib/utils/spawn.js:24:14)
14 verbose stack     at emitTwo (events.js:100:13)
14 verbose stack     at ChildProcess.emit (events.js:185:7)
14 verbose stack     at maybeClose (internal/child_process.js:850:16)
14 verbose stack     at Process.ChildProcess._handle.onexit (internal/child_process.js:215:5)
15 verbose pkgid movie@0.2.0
16 verbose cwd /Users/ryan/company_work/muke/node/movie
17 error Darwin 14.5.0
18 error argv "/usr/local/bin/node" "/usr/local/bin/npm" "start"
19 error node v5.8.0
20 error npm  v3.8.5
21 error code ELIFECYCLE
22 error movie@0.2.0 start: `node-inspector & node --debug app.js`
22 error Exit status 1
23 error Failed at the movie@0.2.0 start script 'node-inspector & node --debug app.js'.
23 error Make sure you have the latest version of node.js and npm installed.
23 error If you do, this is most likely a problem with the movie package,
23 error not with npm itself.
23 error Tell the author that this fails on your system:
23 error     node-inspector & node --debug app.js
23 error You can get information on how to open an issue for this project with:
23 error     npm bugs movie
23 error Or if that isn't available, you can get their info via:
23 error     npm owner ls movie
23 error There is likely additional logging output above.
24 verbose exit [ 1, true ]
